<?xml version="1.0" encoding="UTF-8"?>
<testsuite name="com.iykyk.collage.pipeline.FaceClustererTest" tests="7" skipped="0" failures="0" errors="0" timestamp="2026-09-06T17:48:18.147Z" hostname="LAPTOP-L31OT0MD" time="0.868">
  <properties/>
  <testcase name="testFiveDistinctPeopleAreAllCovered" classname="com.iykyk.collage.pipeline.FaceClustererTest" time="0.857"/>
  <testcase name="testL2Normalize" classname="com.iykyk.collage.pipeline.FaceClustererTest" time="0.0"/>
  <testcase name="testSamePersonAcrossDisjointAppearancesMerged" classname="com.iykyk.collage.pipeline.FaceClustererTest" time="0.003"/>
  <testcase name="testCosineSimilarityIdenticalVectors" classname="com.iykyk.collage.pipeline.FaceClustererTest" time="0.0"/>
  <testcase name="testDistinctPeopleNeverMerged" classname="com.iykyk.collage.pipeline.FaceClustererTest" time="0.001"/>
  <testcase name="testHardCannotLinkConstraint" classname="com.iykyk.collage.pipeline.FaceClustererTest" time="0.0"/>
  <testcase name="testCosineSimilarityOrthogonalVectors" classname="com.iykyk.collage.pipeline.FaceClustererTest" time="0.0"/>
  <system-out><![CDATA[]]></system-out>
  <system-err><![CDATA[WARNING: A Java agent has been loaded dynamically (C:\Users\Subarno Chakraborty\.gradle\caches\modules-2\files-2.1\net.bytebuddy\byte-buddy-agent\1.14.12\be4984cb6fd1ef1d11f218a648889dfda44b8a15\byte-buddy-agent-1.14.12.jar)
WARNING: If a serviceability tool is in use, please run with -XX:+EnableDynamicAgentLoading to hide this warning
WARNING: If a serviceability tool is not in use, please run with -Djdk.instrument.traceUsage for more information
WARNING: Dynamic loading of agents will be disallowed by default in a future release
]]></system-err>
</testsuite>
